Using pre-set license
Built from '2022.3/staging' branch; Version is '2022.3.29f1 (8d510ca76d2b) revision 9261324'; Using compiler version '192829333'; Build Type 'Release'
OS: 'Windows 10  (10.0.19045) 64bit ProfessionalN' Language: 'de' Physical Memory: 16324 MB
BatchMode: 1, IsHumanControllingUs: 0, StartBugReporterOnCrash: 0, Is64bit: 1, IsPro: 1

COMMAND LINE ARGUMENTS:
C:\Program Files\Unity\Hub\Editor\2022.3.29f1\Editor\Unity.exe
-adb2
-batchMode
-noUpm
-name
AssetImportWorker8
-projectPath
C:/Users/AVR1/Desktop/VRKompakt/Git/AVRRadialMenu
-logFile
Logs/AssetImportWorker8.log
-srvPort
60877
Successfully changed project path to: C:/Users/AVR1/Desktop/VRKompakt/Git/AVRRadialMenu
C:/Users/AVR1/Desktop/VRKompakt/Git/AVRRadialMenu
[UnityMemory] Configuration Parameters - Can be set up in boot.config
    "memorysetup-bucket-allocator-granularity=16"
    "memorysetup-bucket-allocator-bucket-count=8"
    "memorysetup-bucket-allocator-block-size=33554432"
    "memorysetup-bucket-allocator-block-count=8"
    "memorysetup-main-allocator-block-size=16777216"
    "memorysetup-thread-allocator-block-size=16777216"
    "memorysetup-gfx-main-allocator-block-size=16777216"
    "memorysetup-gfx-thread-allocator-block-size=16777216"
    "memorysetup-cache-allocator-block-size=4194304"
    "memorysetup-typetree-allocator-block-size=2097152"
    "memorysetup-profiler-bucket-allocator-granularity=16"
    "memorysetup-profiler-bucket-allocator-bucket-count=8"
    "memorysetup-profiler-bucket-allocator-block-size=33554432"
    "memorysetup-profiler-bucket-allocator-block-count=8"
    "memorysetup-profiler-allocator-block-size=16777216"
    "memorysetup-profiler-editor-allocator-block-size=1048576"
    "memorysetup-temp-allocator-size-main=16777216"
    "memorysetup-job-temp-allocator-block-size=2097152"
    "memorysetup-job-temp-allocator-block-size-background=1048576"
    "memorysetup-job-temp-allocator-reduction-small-platforms=262144"
    "memorysetup-allocator-temp-initial-block-size-main=262144"
    "memorysetup-allocator-temp-initial-block-size-worker=262144"
    "memorysetup-temp-allocator-size-background-worker=32768"
    "memorysetup-temp-allocator-size-job-worker=262144"
    "memorysetup-temp-allocator-size-preload-manager=33554432"
    "memorysetup-temp-allocator-size-nav-mesh-worker=65536"
    "memorysetup-temp-allocator-size-audio-worker=65536"
    "memorysetup-temp-allocator-size-cloud-worker=32768"
    "memorysetup-temp-allocator-size-gi-baking-worker=262144"
    "memorysetup-temp-allocator-size-gfx=262144"
Player connection [12608] Host "[IP] 10.0.151.12 [Port] 0 [Flags] 2 [Guid] 3517901019 [EditorId] 3517901019 [Version] 1048832 [Id] WindowsEditor(7,chet) [Debug] 1 [PackageName] WindowsEditor [ProjectName] Editor" joined multi-casting on [225.0.0.222:54997]...

Player connection [12608] Host "[IP] 10.0.151.12 [Port] 0 [Flags] 2 [Guid] 3517901019 [EditorId] 3517901019 [Version] 1048832 [Id] WindowsEditor(7,chet) [Debug] 1 [PackageName] WindowsEditor [ProjectName] Editor" joined alternative multi-casting on [225.0.0.222:34997]...

[Physics::Module] Initialized MultithreadedJobDispatcher with 11 workers.
Refreshing native plugins compatible for Editor in 18.33 ms, found 6 plugins.
Preloading 0 native plugins for Editor in 0.00 ms.
Initialize engine version: 2022.3.29f1 (8d510ca76d2b)
[Subsystems] Discovering subsystems at path C:/Program Files/Unity/Hub/Editor/2022.3.29f1/Editor/Data/Resources/UnitySubsystems
[Subsystems] Discovering subsystems at path C:/Users/AVR1/Desktop/VRKompakt/Git/AVRRadialMenu/Assets
GfxDevice: creating device client; threaded=0; jobified=0
Direct3D:
    Version:  Direct3D 11.0 [level 11.1]
    Renderer: NVIDIA GeForce RTX 2070 (ID=0x1f10)
    Vendor:   NVIDIA
    VRAM:     8031 MB
    Driver:   26.21.14.4187
Initialize mono
Mono path[0] = 'C:/Program Files/Unity/Hub/Editor/2022.3.29f1/Editor/Data/Managed'
Mono path[1] = 'C:/Program Files/Unity/Hub/Editor/2022.3.29f1/Editor/Data/MonoBleedingEdge/lib/mono/unityjit-win32'
Mono config path = 'C:/Program Files/Unity/Hub/Editor/2022.3.29f1/Editor/Data/MonoBleedingEdge/etc'
Using monoOptions --debugger-agent=transport=dt_socket,embedding=1,server=y,suspend=n,address=127.0.0.1:56508
Begin MonoManager ReloadAssembly
Registering precompiled unity dll's ...
Register platform support module: C:/Program Files/Unity/Hub/Editor/2022.3.29f1/Editor/Data/PlaybackEngines/WebGLSupport/UnityEditor.WebGL.Extensions.dll
Register platform support module: C:/Program Files/Unity/Hub/Editor/2022.3.29f1/Editor/Data/PlaybackEngines/AndroidPlayer/UnityEditor.Android.Extensions.dll
Register platform support module: C:/Program Files/Unity/Hub/Editor/2022.3.29f1/Editor/Data/PlaybackEngines/WindowsStandaloneSupport/UnityEditor.WindowsStandalone.Extensions.dll
Registered in 0.016141 seconds.
- Loaded All Assemblies, in  0.456 seconds
Native extension for WindowsStandalone target not found
Native extension for Android target not found
Android Extension - Scanning For ADB Devices 300 ms
Native extension for WebGL target not found
Mono: successfully reloaded assembly
- Finished resetting the current domain, in  0.713 seconds
Domain Reload Profiling: 1167ms
	BeginReloadAssembly (140ms)
		ExecutionOrderSort (0ms)
		DisableScriptedObjects (0ms)
		BackupInstance (0ms)
		ReleaseScriptingObjects (0ms)
		CreateAndSetChildDomain (1ms)
	RebuildCommonClasses (42ms)
	RebuildNativeTypeToScriptingClass (14ms)
	initialDomainReloadingComplete (77ms)
	LoadAllAssembliesAndSetupDomain (181ms)
		LoadAssemblies (138ms)
		RebuildTransferFunctionScriptingTraits (0ms)
		AnalyzeDomain (178ms)
			TypeCache.Refresh (177ms)
				TypeCache.ScanAssembly (161ms)
			ScanForSourceGeneratedMonoScriptInfo (0ms)
			ResolveRequiredComponents (1ms)
	FinalizeReload (713ms)
		ReleaseScriptCaches (0ms)
		RebuildScriptCaches (0ms)
		SetupLoadedEditorAssemblies (644ms)
			LogAssemblyErrors (0ms)
			InitializePlatformSupportModulesInManaged (444ms)
			SetLoadedEditorAssemblies (4ms)
			RefreshPlugins (0ms)
			BeforeProcessingInitializeOnLoad (3ms)
			ProcessInitializeOnLoadAttributes (138ms)
			ProcessInitializeOnLoadMethodAttributes (55ms)
			AfterProcessingInitializeOnLoad (0ms)
			EditorAssembliesLoaded (0ms)
		ExecutionOrderSort2 (0ms)
		AwakeInstancesAfterBackupRestoration (0ms)
========================================================================
Worker process is ready to serve import requests
Begin MonoManager ReloadAssembly
- Loaded All Assemblies, in  0.590 seconds
Refreshing native plugins compatible for Editor in 18.97 ms, found 6 plugins.
Native extension for WindowsStandalone target not found
Native extension for Android target not found
Native extension for WebGL target not found
Package Manager log level set to [2]
[Package Manager] Server::EnsureServerProcessIsRunning -- launch failed, reason: Unity was launched with the -noUpm command-line argument
[Package Manager] UpmClient::Send -- Unable to send message (not connected to UPM process).
[Package Manager] Cannot connect to Unity Package Manager local server
Mono: successfully reloaded assembly
[Package Manager] Server::EnsureServerProcessIsRunning -- launch failed, reason: Unity was launched with the -noUpm command-line argument
[Package Manager] UpmClient::Send -- Unable to send message (not connected to UPM process).
[Package Manager] Cannot connect to Unity Package Manager local server
[Package Manager] Server::EnsureServerProcessIsRunning -- launch failed, reason: Unity was launched with the -noUpm command-line argument
[Package Manager] UpmClient::Send -- Unable to send message (not connected to UPM process).
[Package Manager] Cannot connect to Unity Package Manager local server
- Finished resetting the current domain, in  0.680 seconds
Domain Reload Profiling: 1266ms
	BeginReloadAssembly (184ms)
		ExecutionOrderSort (0ms)
		DisableScriptedObjects (7ms)
		BackupInstance (0ms)
		ReleaseScriptingObjects (0ms)
		CreateAndSetChildDomain (25ms)
	RebuildCommonClasses (43ms)
	RebuildNativeTypeToScriptingClass (16ms)
	initialDomainReloadingComplete (51ms)
	LoadAllAssembliesAndSetupDomain (292ms)
		LoadAssemblies (315ms)
		RebuildTransferFunctionScriptingTraits (0ms)
		AnalyzeDomain (91ms)
			TypeCache.Refresh (64ms)
				TypeCache.ScanAssembly (54ms)
			ScanForSourceGeneratedMonoScriptInfo (15ms)
			ResolveRequiredComponents (11ms)
	FinalizeReload (680ms)
		ReleaseScriptCaches (0ms)
		RebuildScriptCaches (0ms)
		SetupLoadedEditorAssemblies (484ms)
			LogAssemblyErrors (0ms)
			InitializePlatformSupportModulesInManaged (33ms)
			SetLoadedEditorAssemblies (3ms)
			RefreshPlugins (0ms)
			BeforeProcessingInitializeOnLoad (66ms)
			ProcessInitializeOnLoadAttributes (317ms)
			ProcessInitializeOnLoadMethodAttributes (56ms)
			AfterProcessingInitializeOnLoad (9ms)
			EditorAssembliesLoaded (0ms)
		ExecutionOrderSort2 (0ms)
		AwakeInstancesAfterBackupRestoration (8ms)
Launched and connected shader compiler UnityShaderCompiler.exe after 0.05 seconds
Refreshing native plugins compatible for Editor in 23.11 ms, found 6 plugins.
Preloading 0 native plugins for Editor in 0.00 ms.
Unloading 1671 Unused Serialized files (Serialized files now loaded: 0)
Unloading 59 unused Assets / (69.7 KB). Loaded Objects now: 2153.
Memory consumption went from 94.9 MB to 94.8 MB.
Total: 5.753600 ms (FindLiveObjects: 0.245400 ms CreateObjectMapping: 0.153500 ms MarkObjects: 5.153300 ms  DeleteObjects: 0.199600 ms)

AssetImportParameters requested are different than current active one (requested -> active):
  custom:video-decoder-webm-vp8: 9c59270c3fd7afecdb556c50c9e8de78 -> 
  custom:SearchIndexIgnoredProperties: e643bd26f0fe6173181afceb89e7c659 -> 
  custom:container-demuxer-ogg: 62fdf1f143b41e24485cea50d1cbac27 -> 
  custom:AudioImporter_EditorPlatform: d09bf68614088b80899f8185d706f6e7 -> 
  custom:scripting/monoscript/fileName/UnityConsoleAppender.cs: 7597c6e5c72cd5250ca40dc652517a0a -> 421c51784dd6820d737cca54ad962214
  custom:scripting/monoscript/fileName/ViuCCCController.cs: 2bc25d7d603c89ca33a5cb89bdf5f457 -> b945073e59e4b95daf2b5373801e7041
  custom:scripting/monoscript/fileName/ViuCCCCamera.cs: b790c1eda6e9e1ca8cd8f5fe9e3fe689 -> c9ca3be00f5b31aa0c66bdc40f392292
  custom:scripting/monoscript/fileName/ViuCccAction.cs: 1220b4667a2efd6ae7197286817fcf0a -> c10b9bd3dfa5e4551f5e757706c1ed12
  custom:video-decoder-ogg-theora: a1e56fd34408186e4bbccfd4996cb3dc -> 
  custom:framework-win-MediaFoundation: 216162199b28c13a410421893ffa2e32 -> 
  custom:scripting/monoscript/fileName/CCCubeEventManager.cs: 268c5070284c0a4fbde5fc22e86c7afd -> 8eb910d1525876746b6979c726d865aa
  custom:video-encoder-webm-vp8: eb34c28f22e8b96e1ab97ce403110664 -> 
  custom:scripting/monoscript/fileName/LoggingConfiguration.cs: 572851832c76dbd0441bb1a06bb92b34 -> d7be43cf865aed6348172a8d1e65e503
  custom:audio-decoder-ogg-vorbis: bf7c407c2cedff20999df2af8eb42d56 -> 
  custom:CustomObjectIndexerAttribute: 9a22284fe3817be447336de3de66b15e -> 
  custom:scripting/monoscript/fileName/QuitVIU.cs: fd37858fc2a96483c13afad80c04032d -> 4b33b30805b0ce70560332ac0ea59f63
  custom:scripting/monoscript/fileName/Highlighter.cs: d64357c868c6ab015b13f05d523a17fb -> 8c14262f29570c32194fdd1875582c95
  custom:scripting/monoscript/fileName/CCC.cs: d1fea962fe7a67ea720db01ef74c3b31 -> 73a2603e3a74e7d432658d91d5f2e75f
  custom:container-demuxer-webm: 4f35f7cbe854078d1ac9338744f61a02 -> 
  custom:scripting/monoscript/fileName/ViuCCC.cs: 2ecfee59f748f3a7925fd48a4f5fc59c -> e2b763a78d56e6eecb70785ec724de09
  custom:scripting/monoscript/fileName/SimpleAirPlane.cs: 96c3656ebd5b222b2de66c7173780a13 -> a7b93092538cb059dbb3f258b8c352e6
  custom:scripting/monoscript/fileName/StreamingAssetsAppender.cs: b818a52c5d6bdcf395b6a540e689334e -> 631f5b8f39e159d821cc9d1551955f50
  custom:audio-encoder-webm-vorbis: bf7c407c2cedff20999df2af8eb42d56 -> 
  custom:scripting/monoscript/fileName/UnityDebugAppender.cs: d440150ed44605744ff12630fc032667 -> f0681f94370604f5d20d5be26dcf56b5
  custom:scripting/monoscript/fileName/ViuCCCTrackpad.cs: 90516b2e7135384dc4abffd7a095bbcc -> 09231cd33fecd1ad1e55f81a62e2b1ae
  custom:scripting/monoscript/fileName/Mover.cs: ff793db0d19dba1f43929ec7f847a9f4 -> da1c610bce1da6a0ba9c04e30a318aa0
  custom:scripting/monoscript/fileName/LayerEventManager.cs: 66250d03c1f65aef3a7e45f76ae09b2d -> f154560b78ded5cc0a60b29606e66841
  custom:container-muxer-webm: aa71ff27fc2769a1b78a27578f13a17b -> 
  custom:scripting/monoscript/fileName/PolyMesh.cs: 893b18169c7e11bcf1fa40916032561f -> 6e2381f668cbb588beee9bb44ece9909
========================================================================
Received Import Request.
  Time since last request: 3447304.888197 seconds.
  path: Assets/CCC/Scripts/Base/CCC.cs
  artifactKey: Guid(62bdfa2258444c946a90dad122b41c5b) Importer(815301076,1909f56bfc062723c751e8b465ee728b)
Start importing Assets/CCC/Scripts/Base/CCC.cs using Guid(62bdfa2258444c946a90dad122b41c5b) Importer(815301076,1909f56bfc062723c751e8b465ee728b)  -> (artifact id: '32f54db64cc5acafc204517c5a8d842c') in 0.002491 seconds
Number of updated asset objects reloaded before import = 0
Number of asset objects unloaded after import = 0
========================================================================
Received Prepare
Begin MonoManager ReloadAssembly
- Loaded All Assemblies, in  0.550 seconds
Refreshing native plugins compatible for Editor in 13.69 ms, found 6 plugins.
Native extension for WindowsStandalone target not found
Native extension for Android target not found
Native extension for WebGL target not found
[Package Manager] Server::EnsureServerProcessIsRunning -- launch failed, reason: Unity was launched with the -noUpm command-line argument
[Package Manager] UpmClient::Send -- Unable to send message (not connected to UPM process).
[Package Manager] Cannot connect to Unity Package Manager local server
Mono: successfully reloaded assembly
[Package Manager] Server::EnsureServerProcessIsRunning -- launch failed, reason: Unity was launched with the -noUpm command-line argument
[Package Manager] UpmClient::Send -- Unable to send message (not connected to UPM process).
[Package Manager] Cannot connect to Unity Package Manager local server
- Finished resetting the current domain, in  0.791 seconds
Domain Reload Profiling: 1337ms
	BeginReloadAssembly (203ms)
		ExecutionOrderSort (0ms)
		DisableScriptedObjects (7ms)
		BackupInstance (0ms)
		ReleaseScriptingObjects (0ms)
		CreateAndSetChildDomain (30ms)
	RebuildCommonClasses (57ms)
	RebuildNativeTypeToScriptingClass (18ms)
	initialDomainReloadingComplete (41ms)
	LoadAllAssembliesAndSetupDomain (227ms)
		LoadAssemblies (315ms)
		RebuildTransferFunctionScriptingTraits (0ms)
		AnalyzeDomain (35ms)
			TypeCache.Refresh (8ms)
				TypeCache.ScanAssembly (1ms)
			ScanForSourceGeneratedMonoScriptInfo (16ms)
			ResolveRequiredComponents (9ms)
	FinalizeReload (791ms)
		ReleaseScriptCaches (0ms)
		RebuildScriptCaches (0ms)
		SetupLoadedEditorAssemblies (450ms)
			LogAssemblyErrors (0ms)
			InitializePlatformSupportModulesInManaged (33ms)
			SetLoadedEditorAssemblies (4ms)
			RefreshPlugins (0ms)
			BeforeProcessingInitializeOnLoad (74ms)
			ProcessInitializeOnLoadAttributes (287ms)
			ProcessInitializeOnLoadMethodAttributes (44ms)
			AfterProcessingInitializeOnLoad (9ms)
			EditorAssembliesLoaded (0ms)
		ExecutionOrderSort2 (0ms)
		AwakeInstancesAfterBackupRestoration (8ms)
Refreshing native plugins compatible for Editor in 26.65 ms, found 6 plugins.
Preloading 0 native plugins for Editor in 0.00 ms.
Unloading 1653 Unused Serialized files (Serialized files now loaded: 0)
Unloading 43 unused Assets / (43.5 KB). Loaded Objects now: 2157.
Memory consumption went from 92.2 MB to 92.1 MB.
Total: 7.885000 ms (FindLiveObjects: 0.305100 ms CreateObjectMapping: 0.165700 ms MarkObjects: 7.234300 ms  DeleteObjects: 0.178100 ms)

Prepare: number of updated asset objects reloaded= 0
AssetImportParameters requested are different than current active one (requested -> active):
  custom:video-decoder-webm-vp8: 9c59270c3fd7afecdb556c50c9e8de78 -> 
  custom:SearchIndexIgnoredProperties: e643bd26f0fe6173181afceb89e7c659 -> 
  custom:container-demuxer-ogg: 62fdf1f143b41e24485cea50d1cbac27 -> 
  custom:AudioImporter_EditorPlatform: d09bf68614088b80899f8185d706f6e7 -> 
  custom:scripting/monoscript/fileName/UnityConsoleAppender.cs: 7597c6e5c72cd5250ca40dc652517a0a -> 421c51784dd6820d737cca54ad962214
  custom:scripting/monoscript/fileName/ViuCCCController.cs: 2bc25d7d603c89ca33a5cb89bdf5f457 -> b945073e59e4b95daf2b5373801e7041
  custom:scripting/monoscript/fileName/ViuCCCCamera.cs: b790c1eda6e9e1ca8cd8f5fe9e3fe689 -> c9ca3be00f5b31aa0c66bdc40f392292
  custom:scripting/monoscript/fileName/ViuCccAction.cs: 1220b4667a2efd6ae7197286817fcf0a -> c10b9bd3dfa5e4551f5e757706c1ed12
  custom:video-decoder-ogg-theora: a1e56fd34408186e4bbccfd4996cb3dc -> 
  custom:framework-win-MediaFoundation: 216162199b28c13a410421893ffa2e32 -> 
  custom:scripting/monoscript/fileName/CCCubeEventManager.cs: 268c5070284c0a4fbde5fc22e86c7afd -> 8eb910d1525876746b6979c726d865aa
  custom:video-encoder-webm-vp8: eb34c28f22e8b96e1ab97ce403110664 -> 
  custom:scripting/monoscript/fileName/LoggingConfiguration.cs: 572851832c76dbd0441bb1a06bb92b34 -> d7be43cf865aed6348172a8d1e65e503
  custom:audio-decoder-ogg-vorbis: bf7c407c2cedff20999df2af8eb42d56 -> 
  custom:CustomObjectIndexerAttribute: 9a22284fe3817be447336de3de66b15e -> 
  custom:scripting/monoscript/fileName/QuitVIU.cs: fd37858fc2a96483c13afad80c04032d -> 4b33b30805b0ce70560332ac0ea59f63
  custom:scripting/monoscript/fileName/Highlighter.cs: d64357c868c6ab015b13f05d523a17fb -> 8c14262f29570c32194fdd1875582c95
  custom:scripting/monoscript/fileName/CCC.cs: d1fea962fe7a67ea720db01ef74c3b31 -> 73a2603e3a74e7d432658d91d5f2e75f
  custom:container-demuxer-webm: 4f35f7cbe854078d1ac9338744f61a02 -> 
  custom:scripting/monoscript/fileName/ViuCCC.cs: 2ecfee59f748f3a7925fd48a4f5fc59c -> e2b763a78d56e6eecb70785ec724de09
  custom:scripting/monoscript/fileName/SimpleAirPlane.cs: 96c3656ebd5b222b2de66c7173780a13 -> a7b93092538cb059dbb3f258b8c352e6
  custom:scripting/monoscript/fileName/StreamingAssetsAppender.cs: b818a52c5d6bdcf395b6a540e689334e -> 631f5b8f39e159d821cc9d1551955f50
  custom:audio-encoder-webm-vorbis: bf7c407c2cedff20999df2af8eb42d56 -> 
  custom:scripting/monoscript/fileName/UnityDebugAppender.cs: d440150ed44605744ff12630fc032667 -> f0681f94370604f5d20d5be26dcf56b5
  custom:scripting/monoscript/fileName/ViuCCCTrackpad.cs: 90516b2e7135384dc4abffd7a095bbcc -> 09231cd33fecd1ad1e55f81a62e2b1ae
  custom:scripting/monoscript/fileName/Mover.cs: ff793db0d19dba1f43929ec7f847a9f4 -> da1c610bce1da6a0ba9c04e30a318aa0
  custom:scripting/monoscript/fileName/LayerEventManager.cs: 66250d03c1f65aef3a7e45f76ae09b2d -> f154560b78ded5cc0a60b29606e66841
  custom:container-muxer-webm: aa71ff27fc2769a1b78a27578f13a17b -> 
  custom:scripting/monoscript/fileName/PolyMesh.cs: 893b18169c7e11bcf1fa40916032561f -> 6e2381f668cbb588beee9bb44ece9909
========================================================================
Received Prepare
Begin MonoManager ReloadAssembly
- Loaded All Assemblies, in  0.467 seconds
Refreshing native plugins compatible for Editor in 12.34 ms, found 6 plugins.
Native extension for WindowsStandalone target not found
Native extension for Android target not found
Native extension for WebGL target not found
[Package Manager] Server::EnsureServerProcessIsRunning -- launch failed, reason: Unity was launched with the -noUpm command-line argument
[Package Manager] UpmClient::Send -- Unable to send message (not connected to UPM process).
[Package Manager] Cannot connect to Unity Package Manager local server
Mono: successfully reloaded assembly
[Package Manager] Server::EnsureServerProcessIsRunning -- launch failed, reason: Unity was launched with the -noUpm command-line argument
[Package Manager] UpmClient::Send -- Unable to send message (not connected to UPM process).
[Package Manager] Cannot connect to Unity Package Manager local server
- Finished resetting the current domain, in  0.720 seconds
Domain Reload Profiling: 1183ms
	BeginReloadAssembly (169ms)
		ExecutionOrderSort (0ms)
		DisableScriptedObjects (8ms)
		BackupInstance (0ms)
		ReleaseScriptingObjects (0ms)
		CreateAndSetChildDomain (28ms)
	RebuildCommonClasses (40ms)
	RebuildNativeTypeToScriptingClass (17ms)
	initialDomainReloadingComplete (36ms)
	LoadAllAssembliesAndSetupDomain (199ms)
		LoadAssemblies (285ms)
		RebuildTransferFunctionScriptingTraits (0ms)
		AnalyzeDomain (14ms)
			TypeCache.Refresh (5ms)
				TypeCache.ScanAssembly (0ms)
			ScanForSourceGeneratedMonoScriptInfo (0ms)
			ResolveRequiredComponents (7ms)
	FinalizeReload (721ms)
		ReleaseScriptCaches (0ms)
		RebuildScriptCaches (0ms)
		SetupLoadedEditorAssemblies (426ms)
			LogAssemblyErrors (0ms)
			InitializePlatformSupportModulesInManaged (34ms)
			SetLoadedEditorAssemblies (3ms)
			RefreshPlugins (0ms)
			BeforeProcessingInitializeOnLoad (68ms)
			ProcessInitializeOnLoadAttributes (264ms)
			ProcessInitializeOnLoadMethodAttributes (47ms)
			AfterProcessingInitializeOnLoad (9ms)
			EditorAssembliesLoaded (0ms)
		ExecutionOrderSort2 (0ms)
		AwakeInstancesAfterBackupRestoration (9ms)
Refreshing native plugins compatible for Editor in 22.94 ms, found 6 plugins.
Preloading 0 native plugins for Editor in 0.00 ms.
Unloading 1654 Unused Serialized files (Serialized files now loaded: 0)
Unloading 43 unused Assets / (43.5 KB). Loaded Objects now: 2161.
Memory consumption went from 92.4 MB to 92.4 MB.
Total: 7.306000 ms (FindLiveObjects: 1.089800 ms CreateObjectMapping: 0.349400 ms MarkObjects: 5.765200 ms  DeleteObjects: 0.100200 ms)

Prepare: number of updated asset objects reloaded= 0
AssetImportParameters requested are different than current active one (requested -> active):
  custom:video-decoder-webm-vp8: 9c59270c3fd7afecdb556c50c9e8de78 -> 
  custom:SearchIndexIgnoredProperties: e643bd26f0fe6173181afceb89e7c659 -> 
  custom:container-demuxer-ogg: 62fdf1f143b41e24485cea50d1cbac27 -> 
  custom:AudioImporter_EditorPlatform: d09bf68614088b80899f8185d706f6e7 -> 
  custom:scripting/monoscript/fileName/UnityConsoleAppender.cs: 7597c6e5c72cd5250ca40dc652517a0a -> 421c51784dd6820d737cca54ad962214
  custom:scripting/monoscript/fileName/ViuCCCController.cs: 2bc25d7d603c89ca33a5cb89bdf5f457 -> b945073e59e4b95daf2b5373801e7041
  custom:scripting/monoscript/fileName/ViuCCCCamera.cs: b790c1eda6e9e1ca8cd8f5fe9e3fe689 -> c9ca3be00f5b31aa0c66bdc40f392292
  custom:scripting/monoscript/fileName/ViuCccAction.cs: 1220b4667a2efd6ae7197286817fcf0a -> c10b9bd3dfa5e4551f5e757706c1ed12
  custom:video-decoder-ogg-theora: a1e56fd34408186e4bbccfd4996cb3dc -> 
  custom:framework-win-MediaFoundation: 216162199b28c13a410421893ffa2e32 -> 
  custom:scripting/monoscript/fileName/CCCubeEventManager.cs: 268c5070284c0a4fbde5fc22e86c7afd -> 8eb910d1525876746b6979c726d865aa
  custom:video-encoder-webm-vp8: eb34c28f22e8b96e1ab97ce403110664 -> 
  custom:scripting/monoscript/fileName/LoggingConfiguration.cs: 572851832c76dbd0441bb1a06bb92b34 -> d7be43cf865aed6348172a8d1e65e503
  custom:audio-decoder-ogg-vorbis: bf7c407c2cedff20999df2af8eb42d56 -> 
  custom:CustomObjectIndexerAttribute: 9a22284fe3817be447336de3de66b15e -> 
  custom:scripting/monoscript/fileName/QuitVIU.cs: fd37858fc2a96483c13afad80c04032d -> 4b33b30805b0ce70560332ac0ea59f63
  custom:scripting/monoscript/fileName/Highlighter.cs: d64357c868c6ab015b13f05d523a17fb -> 8c14262f29570c32194fdd1875582c95
  custom:scripting/monoscript/fileName/CCC.cs: d1fea962fe7a67ea720db01ef74c3b31 -> 73a2603e3a74e7d432658d91d5f2e75f
  custom:container-demuxer-webm: 4f35f7cbe854078d1ac9338744f61a02 -> 
  custom:scripting/monoscript/fileName/ViuCCC.cs: 2ecfee59f748f3a7925fd48a4f5fc59c -> e2b763a78d56e6eecb70785ec724de09
  custom:scripting/monoscript/fileName/SimpleAirPlane.cs: 96c3656ebd5b222b2de66c7173780a13 -> a7b93092538cb059dbb3f258b8c352e6
  custom:scripting/monoscript/fileName/StreamingAssetsAppender.cs: b818a52c5d6bdcf395b6a540e689334e -> 631f5b8f39e159d821cc9d1551955f50
  custom:audio-encoder-webm-vorbis: bf7c407c2cedff20999df2af8eb42d56 -> 
  custom:scripting/monoscript/fileName/UnityDebugAppender.cs: d440150ed44605744ff12630fc032667 -> f0681f94370604f5d20d5be26dcf56b5
  custom:scripting/monoscript/fileName/ViuCCCTrackpad.cs: 90516b2e7135384dc4abffd7a095bbcc -> 09231cd33fecd1ad1e55f81a62e2b1ae
  custom:scripting/monoscript/fileName/Mover.cs: ff793db0d19dba1f43929ec7f847a9f4 -> da1c610bce1da6a0ba9c04e30a318aa0
  custom:scripting/monoscript/fileName/LayerEventManager.cs: 66250d03c1f65aef3a7e45f76ae09b2d -> f154560b78ded5cc0a60b29606e66841
  custom:container-muxer-webm: aa71ff27fc2769a1b78a27578f13a17b -> 
  custom:scripting/monoscript/fileName/PolyMesh.cs: 893b18169c7e11bcf1fa40916032561f -> 6e2381f668cbb588beee9bb44ece9909
========================================================================
Received Prepare
Begin MonoManager ReloadAssembly
- Loaded All Assemblies, in  0.469 seconds
Refreshing native plugins compatible for Editor in 13.22 ms, found 6 plugins.
Native extension for WindowsStandalone target not found
Native extension for Android target not found
Native extension for WebGL target not found
[Package Manager] Server::EnsureServerProcessIsRunning -- launch failed, reason: Unity was launched with the -noUpm command-line argument
[Package Manager] UpmClient::Send -- Unable to send message (not connected to UPM process).
[Package Manager] Cannot connect to Unity Package Manager local server
Mono: successfully reloaded assembly
[Package Manager] Server::EnsureServerProcessIsRunning -- launch failed, reason: Unity was launched with the -noUpm command-line argument
[Package Manager] UpmClient::Send -- Unable to send message (not connected to UPM process).
[Package Manager] Cannot connect to Unity Package Manager local server
- Finished resetting the current domain, in  0.695 seconds
Domain Reload Profiling: 1160ms
	BeginReloadAssembly (162ms)
		ExecutionOrderSort (0ms)
		DisableScriptedObjects (6ms)
		BackupInstance (0ms)
		ReleaseScriptingObjects (0ms)
		CreateAndSetChildDomain (27ms)
	RebuildCommonClasses (42ms)
	RebuildNativeTypeToScriptingClass (21ms)
	initialDomainReloadingComplete (44ms)
	LoadAllAssembliesAndSetupDomain (195ms)
		LoadAssemblies (276ms)
		RebuildTransferFunctionScriptingTraits (0ms)
		AnalyzeDomain (13ms)
			TypeCache.Refresh (5ms)
				TypeCache.ScanAssembly (0ms)
			ScanForSourceGeneratedMonoScriptInfo (0ms)
			ResolveRequiredComponents (7ms)
	FinalizeReload (696ms)
		ReleaseScriptCaches (0ms)
		RebuildScriptCaches (0ms)
		SetupLoadedEditorAssemblies (418ms)
			LogAssemblyErrors (0ms)
			InitializePlatformSupportModulesInManaged (30ms)
			SetLoadedEditorAssemblies (3ms)
			RefreshPlugins (0ms)
			BeforeProcessingInitializeOnLoad (66ms)
			ProcessInitializeOnLoadAttributes (262ms)
			ProcessInitializeOnLoadMethodAttributes (46ms)
			AfterProcessingInitializeOnLoad (10ms)
			EditorAssembliesLoaded (0ms)
		ExecutionOrderSort2 (0ms)
		AwakeInstancesAfterBackupRestoration (9ms)
Refreshing native plugins compatible for Editor in 26.52 ms, found 6 plugins.
Preloading 0 native plugins for Editor in 0.00 ms.
Unloading 1654 Unused Serialized files (Serialized files now loaded: 0)
Unloading 43 unused Assets / (43.5 KB). Loaded Objects now: 2165.
Memory consumption went from 92.4 MB to 92.4 MB.
Total: 6.677200 ms (FindLiveObjects: 0.295100 ms CreateObjectMapping: 0.160800 ms MarkObjects: 6.084600 ms  DeleteObjects: 0.135300 ms)

Prepare: number of updated asset objects reloaded= 0
AssetImportParameters requested are different than current active one (requested -> active):
  custom:video-decoder-webm-vp8: 9c59270c3fd7afecdb556c50c9e8de78 -> 
  custom:SearchIndexIgnoredProperties: e643bd26f0fe6173181afceb89e7c659 -> 
  custom:container-demuxer-ogg: 62fdf1f143b41e24485cea50d1cbac27 -> 
  custom:AudioImporter_EditorPlatform: d09bf68614088b80899f8185d706f6e7 -> 
  custom:scripting/monoscript/fileName/UnityConsoleAppender.cs: 7597c6e5c72cd5250ca40dc652517a0a -> 421c51784dd6820d737cca54ad962214
  custom:scripting/monoscript/fileName/ViuCCCController.cs: 2bc25d7d603c89ca33a5cb89bdf5f457 -> b945073e59e4b95daf2b5373801e7041
  custom:scripting/monoscript/fileName/ViuCCCCamera.cs: b790c1eda6e9e1ca8cd8f5fe9e3fe689 -> c9ca3be00f5b31aa0c66bdc40f392292
  custom:scripting/monoscript/fileName/ViuCccAction.cs: 1220b4667a2efd6ae7197286817fcf0a -> c10b9bd3dfa5e4551f5e757706c1ed12
  custom:video-decoder-ogg-theora: a1e56fd34408186e4bbccfd4996cb3dc -> 
  custom:framework-win-MediaFoundation: 216162199b28c13a410421893ffa2e32 -> 
  custom:scripting/monoscript/fileName/CCCubeEventManager.cs: 268c5070284c0a4fbde5fc22e86c7afd -> 8eb910d1525876746b6979c726d865aa
  custom:video-encoder-webm-vp8: eb34c28f22e8b96e1ab97ce403110664 -> 
  custom:scripting/monoscript/fileName/LoggingConfiguration.cs: 572851832c76dbd0441bb1a06bb92b34 -> d7be43cf865aed6348172a8d1e65e503
  custom:audio-decoder-ogg-vorbis: bf7c407c2cedff20999df2af8eb42d56 -> 
  custom:CustomObjectIndexerAttribute: 9a22284fe3817be447336de3de66b15e -> 
  custom:scripting/monoscript/fileName/QuitVIU.cs: fd37858fc2a96483c13afad80c04032d -> 4b33b30805b0ce70560332ac0ea59f63
  custom:scripting/monoscript/fileName/Highlighter.cs: d64357c868c6ab015b13f05d523a17fb -> 8c14262f29570c32194fdd1875582c95
  custom:scripting/monoscript/fileName/CCC.cs: d1fea962fe7a67ea720db01ef74c3b31 -> 73a2603e3a74e7d432658d91d5f2e75f
  custom:container-demuxer-webm: 4f35f7cbe854078d1ac9338744f61a02 -> 
  custom:scripting/monoscript/fileName/ViuCCC.cs: 2ecfee59f748f3a7925fd48a4f5fc59c -> e2b763a78d56e6eecb70785ec724de09
  custom:scripting/monoscript/fileName/SimpleAirPlane.cs: 96c3656ebd5b222b2de66c7173780a13 -> a7b93092538cb059dbb3f258b8c352e6
  custom:scripting/monoscript/fileName/StreamingAssetsAppender.cs: b818a52c5d6bdcf395b6a540e689334e -> 631f5b8f39e159d821cc9d1551955f50
  custom:audio-encoder-webm-vorbis: bf7c407c2cedff20999df2af8eb42d56 -> 
  custom:scripting/monoscript/fileName/UnityDebugAppender.cs: d440150ed44605744ff12630fc032667 -> f0681f94370604f5d20d5be26dcf56b5
  custom:scripting/monoscript/fileName/ViuCCCTrackpad.cs: 90516b2e7135384dc4abffd7a095bbcc -> 09231cd33fecd1ad1e55f81a62e2b1ae
  custom:scripting/monoscript/fileName/Mover.cs: ff793db0d19dba1f43929ec7f847a9f4 -> da1c610bce1da6a0ba9c04e30a318aa0
  custom:scripting/monoscript/fileName/LayerEventManager.cs: 66250d03c1f65aef3a7e45f76ae09b2d -> f154560b78ded5cc0a60b29606e66841
  custom:container-muxer-webm: aa71ff27fc2769a1b78a27578f13a17b -> 
  custom:scripting/monoscript/fileName/PolyMesh.cs: 893b18169c7e11bcf1fa40916032561f -> 6e2381f668cbb588beee9bb44ece9909
========================================================================
Received Prepare
Begin MonoManager ReloadAssembly
- Loaded All Assemblies, in  0.475 seconds
Refreshing native plugins compatible for Editor in 11.61 ms, found 6 plugins.
Native extension for WindowsStandalone target not found
Native extension for Android target not found
Native extension for WebGL target not found
[Package Manager] Server::EnsureServerProcessIsRunning -- launch failed, reason: Unity was launched with the -noUpm command-line argument
[Package Manager] UpmClient::Send -- Unable to send message (not connected to UPM process).
[Package Manager] Cannot connect to Unity Package Manager local server
Mono: successfully reloaded assembly
[Package Manager] Server::EnsureServerProcessIsRunning -- launch failed, reason: Unity was launched with the -noUpm command-line argument
[Package Manager] UpmClient::Send -- Unable to send message (not connected to UPM process).
[Package Manager] Cannot connect to Unity Package Manager local server
- Finished resetting the current domain, in  0.724 seconds
Domain Reload Profiling: 1193ms
	BeginReloadAssembly (168ms)
		ExecutionOrderSort (0ms)
		DisableScriptedObjects (6ms)
		BackupInstance (0ms)
		ReleaseScriptingObjects (0ms)
		CreateAndSetChildDomain (28ms)
	RebuildCommonClasses (49ms)
	RebuildNativeTypeToScriptingClass (16ms)
	initialDomainReloadingComplete (48ms)
	LoadAllAssembliesAndSetupDomain (187ms)
		LoadAssemblies (270ms)
		RebuildTransferFunctionScriptingTraits (0ms)
		AnalyzeDomain (12ms)
			TypeCache.Refresh (4ms)
				TypeCache.ScanAssembly (0ms)
			ScanForSourceGeneratedMonoScriptInfo (0ms)
			ResolveRequiredComponents (7ms)
	FinalizeReload (724ms)
		ReleaseScriptCaches (0ms)
		RebuildScriptCaches (0ms)
		SetupLoadedEditorAssemblies (439ms)
			LogAssemblyErrors (0ms)
			InitializePlatformSupportModulesInManaged (32ms)
			SetLoadedEditorAssemblies (4ms)
			RefreshPlugins (0ms)
			BeforeProcessingInitializeOnLoad (71ms)
			ProcessInitializeOnLoadAttributes (277ms)
			ProcessInitializeOnLoadMethodAttributes (44ms)
			AfterProcessingInitializeOnLoad (11ms)
			EditorAssembliesLoaded (0ms)
		ExecutionOrderSort2 (0ms)
		AwakeInstancesAfterBackupRestoration (8ms)
Refreshing native plugins compatible for Editor in 21.08 ms, found 6 plugins.
Preloading 0 native plugins for Editor in 0.00 ms.
Unloading 1654 Unused Serialized files (Serialized files now loaded: 0)
Unloading 43 unused Assets / (43.6 KB). Loaded Objects now: 2169.
Memory consumption went from 92.4 MB to 92.4 MB.
Total: 6.266600 ms (FindLiveObjects: 0.233300 ms CreateObjectMapping: 0.164000 ms MarkObjects: 5.760900 ms  DeleteObjects: 0.107200 ms)

Prepare: number of updated asset objects reloaded= 0
AssetImportParameters requested are different than current active one (requested -> active):
  custom:video-decoder-webm-vp8: 9c59270c3fd7afecdb556c50c9e8de78 -> 
  custom:SearchIndexIgnoredProperties: e643bd26f0fe6173181afceb89e7c659 -> 
  custom:container-demuxer-ogg: 62fdf1f143b41e24485cea50d1cbac27 -> 
  custom:AudioImporter_EditorPlatform: d09bf68614088b80899f8185d706f6e7 -> 
  custom:scripting/monoscript/fileName/UnityConsoleAppender.cs: 7597c6e5c72cd5250ca40dc652517a0a -> 421c51784dd6820d737cca54ad962214
  custom:scripting/monoscript/fileName/ViuCCCController.cs: 2bc25d7d603c89ca33a5cb89bdf5f457 -> b945073e59e4b95daf2b5373801e7041
  custom:scripting/monoscript/fileName/ViuCCCCamera.cs: b790c1eda6e9e1ca8cd8f5fe9e3fe689 -> c9ca3be00f5b31aa0c66bdc40f392292
  custom:scripting/monoscript/fileName/ViuCccAction.cs: 1220b4667a2efd6ae7197286817fcf0a -> c10b9bd3dfa5e4551f5e757706c1ed12
  custom:video-decoder-ogg-theora: a1e56fd34408186e4bbccfd4996cb3dc -> 
  custom:framework-win-MediaFoundation: 216162199b28c13a410421893ffa2e32 -> 
  custom:scripting/monoscript/fileName/CCCubeEventManager.cs: 268c5070284c0a4fbde5fc22e86c7afd -> 8eb910d1525876746b6979c726d865aa
  custom:video-encoder-webm-vp8: eb34c28f22e8b96e1ab97ce403110664 -> 
  custom:scripting/monoscript/fileName/LoggingConfiguration.cs: 572851832c76dbd0441bb1a06bb92b34 -> d7be43cf865aed6348172a8d1e65e503
  custom:audio-decoder-ogg-vorbis: bf7c407c2cedff20999df2af8eb42d56 -> 
  custom:CustomObjectIndexerAttribute: 9a22284fe3817be447336de3de66b15e -> 
  custom:scripting/monoscript/fileName/QuitVIU.cs: fd37858fc2a96483c13afad80c04032d -> 4b33b30805b0ce70560332ac0ea59f63
  custom:scripting/monoscript/fileName/Highlighter.cs: d64357c868c6ab015b13f05d523a17fb -> 8c14262f29570c32194fdd1875582c95
  custom:scripting/monoscript/fileName/CCC.cs: d1fea962fe7a67ea720db01ef74c3b31 -> 73a2603e3a74e7d432658d91d5f2e75f
  custom:container-demuxer-webm: 4f35f7cbe854078d1ac9338744f61a02 -> 
  custom:scripting/monoscript/fileName/ViuCCC.cs: 2ecfee59f748f3a7925fd48a4f5fc59c -> e2b763a78d56e6eecb70785ec724de09
  custom:scripting/monoscript/fileName/SimpleAirPlane.cs: 96c3656ebd5b222b2de66c7173780a13 -> a7b93092538cb059dbb3f258b8c352e6
  custom:scripting/monoscript/fileName/StreamingAssetsAppender.cs: b818a52c5d6bdcf395b6a540e689334e -> 631f5b8f39e159d821cc9d1551955f50
  custom:audio-encoder-webm-vorbis: bf7c407c2cedff20999df2af8eb42d56 -> 
  custom:scripting/monoscript/fileName/UnityDebugAppender.cs: d440150ed44605744ff12630fc032667 -> f0681f94370604f5d20d5be26dcf56b5
  custom:scripting/monoscript/fileName/ViuCCCTrackpad.cs: 90516b2e7135384dc4abffd7a095bbcc -> 09231cd33fecd1ad1e55f81a62e2b1ae
  custom:scripting/monoscript/fileName/Mover.cs: ff793db0d19dba1f43929ec7f847a9f4 -> da1c610bce1da6a0ba9c04e30a318aa0
  custom:scripting/monoscript/fileName/LayerEventManager.cs: 66250d03c1f65aef3a7e45f76ae09b2d -> f154560b78ded5cc0a60b29606e66841
  custom:container-muxer-webm: aa71ff27fc2769a1b78a27578f13a17b -> 
  custom:scripting/monoscript/fileName/PolyMesh.cs: 893b18169c7e11bcf1fa40916032561f -> 6e2381f668cbb588beee9bb44ece9909
========================================================================
Received Prepare
Begin MonoManager ReloadAssembly
- Loaded All Assemblies, in  0.470 seconds
Refreshing native plugins compatible for Editor in 13.39 ms, found 6 plugins.
Native extension for WindowsStandalone target not found
Native extension for Android target not found
Native extension for WebGL target not found
[Package Manager] Server::EnsureServerProcessIsRunning -- launch failed, reason: Unity was launched with the -noUpm command-line argument
[Package Manager] UpmClient::Send -- Unable to send message (not connected to UPM process).
[Package Manager] Cannot connect to Unity Package Manager local server
Mono: successfully reloaded assembly
[Package Manager] Server::EnsureServerProcessIsRunning -- launch failed, reason: Unity was launched with the -noUpm command-line argument
[Package Manager] UpmClient::Send -- Unable to send message (not connected to UPM process).
[Package Manager] Cannot connect to Unity Package Manager local server
- Finished resetting the current domain, in  0.716 seconds
Domain Reload Profiling: 1182ms
	BeginReloadAssembly (171ms)
		ExecutionOrderSort (0ms)
		DisableScriptedObjects (6ms)
		BackupInstance (0ms)
		ReleaseScriptingObjects (0ms)
		CreateAndSetChildDomain (28ms)
	RebuildCommonClasses (53ms)
	RebuildNativeTypeToScriptingClass (14ms)
	initialDomainReloadingComplete (41ms)
	LoadAllAssembliesAndSetupDomain (186ms)
		LoadAssemblies (273ms)
		RebuildTransferFunctionScriptingTraits (0ms)
		AnalyzeDomain (14ms)
			TypeCache.Refresh (7ms)
				TypeCache.ScanAssembly (0ms)
			ScanForSourceGeneratedMonoScriptInfo (0ms)
			ResolveRequiredComponents (7ms)
	FinalizeReload (716ms)
		ReleaseScriptCaches (0ms)
		RebuildScriptCaches (0ms)
		SetupLoadedEditorAssemblies (424ms)
			LogAssemblyErrors (0ms)
			InitializePlatformSupportModulesInManaged (28ms)
			SetLoadedEditorAssemblies (4ms)
			RefreshPlugins (0ms)
			BeforeProcessingInitializeOnLoad (62ms)
			ProcessInitializeOnLoadAttributes (275ms)
			ProcessInitializeOnLoadMethodAttributes (46ms)
			AfterProcessingInitializeOnLoad (9ms)
			EditorAssembliesLoaded (0ms)
		ExecutionOrderSort2 (0ms)
		AwakeInstancesAfterBackupRestoration (9ms)
Refreshing native plugins compatible for Editor in 22.91 ms, found 6 plugins.
Preloading 0 native plugins for Editor in 0.00 ms.
Unloading 1654 Unused Serialized files (Serialized files now loaded: 0)
Unloading 43 unused Assets / (43.5 KB). Loaded Objects now: 2173.
Memory consumption went from 92.4 MB to 92.4 MB.
Total: 7.071300 ms (FindLiveObjects: 1.008300 ms CreateObjectMapping: 0.216300 ms MarkObjects: 5.740400 ms  DeleteObjects: 0.104600 ms)

Prepare: number of updated asset objects reloaded= 0
AssetImportParameters requested are different than current active one (requested -> active):
  custom:video-decoder-webm-vp8: 9c59270c3fd7afecdb556c50c9e8de78 -> 
  custom:SearchIndexIgnoredProperties: e643bd26f0fe6173181afceb89e7c659 -> 
  custom:container-demuxer-ogg: 62fdf1f143b41e24485cea50d1cbac27 -> 
  custom:AudioImporter_EditorPlatform: d09bf68614088b80899f8185d706f6e7 -> 
  custom:scripting/monoscript/fileName/UnityConsoleAppender.cs: 7597c6e5c72cd5250ca40dc652517a0a -> 421c51784dd6820d737cca54ad962214
  custom:scripting/monoscript/fileName/ViuCCCController.cs: 2bc25d7d603c89ca33a5cb89bdf5f457 -> b945073e59e4b95daf2b5373801e7041
  custom:scripting/monoscript/fileName/ViuCCCCamera.cs: b790c1eda6e9e1ca8cd8f5fe9e3fe689 -> c9ca3be00f5b31aa0c66bdc40f392292
  custom:scripting/monoscript/fileName/ViuCccAction.cs: 1220b4667a2efd6ae7197286817fcf0a -> c10b9bd3dfa5e4551f5e757706c1ed12
  custom:video-decoder-ogg-theora: a1e56fd34408186e4bbccfd4996cb3dc -> 
  custom:framework-win-MediaFoundation: 216162199b28c13a410421893ffa2e32 -> 
  custom:scripting/monoscript/fileName/CCCubeEventManager.cs: 268c5070284c0a4fbde5fc22e86c7afd -> 8eb910d1525876746b6979c726d865aa
  custom:video-encoder-webm-vp8: eb34c28f22e8b96e1ab97ce403110664 -> 
  custom:scripting/monoscript/fileName/LoggingConfiguration.cs: 572851832c76dbd0441bb1a06bb92b34 -> d7be43cf865aed6348172a8d1e65e503
  custom:audio-decoder-ogg-vorbis: bf7c407c2cedff20999df2af8eb42d56 -> 
  custom:CustomObjectIndexerAttribute: 9a22284fe3817be447336de3de66b15e -> 
  custom:scripting/monoscript/fileName/QuitVIU.cs: fd37858fc2a96483c13afad80c04032d -> 4b33b30805b0ce70560332ac0ea59f63
  custom:scripting/monoscript/fileName/Highlighter.cs: d64357c868c6ab015b13f05d523a17fb -> 8c14262f29570c32194fdd1875582c95
  custom:scripting/monoscript/fileName/CCC.cs: d1fea962fe7a67ea720db01ef74c3b31 -> 73a2603e3a74e7d432658d91d5f2e75f
  custom:container-demuxer-webm: 4f35f7cbe854078d1ac9338744f61a02 -> 
  custom:scripting/monoscript/fileName/ViuCCC.cs: 2ecfee59f748f3a7925fd48a4f5fc59c -> e2b763a78d56e6eecb70785ec724de09
  custom:scripting/monoscript/fileName/SimpleAirPlane.cs: 96c3656ebd5b222b2de66c7173780a13 -> a7b93092538cb059dbb3f258b8c352e6
  custom:scripting/monoscript/fileName/StreamingAssetsAppender.cs: b818a52c5d6bdcf395b6a540e689334e -> 631f5b8f39e159d821cc9d1551955f50
  custom:audio-encoder-webm-vorbis: bf7c407c2cedff20999df2af8eb42d56 -> 
  custom:scripting/monoscript/fileName/UnityDebugAppender.cs: d440150ed44605744ff12630fc032667 -> f0681f94370604f5d20d5be26dcf56b5
  custom:scripting/monoscript/fileName/ViuCCCTrackpad.cs: 90516b2e7135384dc4abffd7a095bbcc -> 09231cd33fecd1ad1e55f81a62e2b1ae
  custom:scripting/monoscript/fileName/Mover.cs: ff793db0d19dba1f43929ec7f847a9f4 -> da1c610bce1da6a0ba9c04e30a318aa0
  custom:scripting/monoscript/fileName/LayerEventManager.cs: 66250d03c1f65aef3a7e45f76ae09b2d -> f154560b78ded5cc0a60b29606e66841
  custom:container-muxer-webm: aa71ff27fc2769a1b78a27578f13a17b -> 
  custom:scripting/monoscript/fileName/PolyMesh.cs: 893b18169c7e11bcf1fa40916032561f -> 6e2381f668cbb588beee9bb44ece9909
TcpMessagingSession - receive error
AssetImportWorkerClient::OnTransportError - code=10054 error=Eine vorhandene Verbindung wurde vom Remotehost geschlossen.
